
Started GET "/" for 127.0.0.1 at 2020-12-26 21:08:38 +0100
  [1m[35m (39.8ms)[0m  [1m[35mSET NAMES utf8,  @@SESSION.sql_mode = CONCAT(CONCAT(@@sql_mode, ',STRICT_ALL_TABLES'), ',NO_AUTO_VALUE_ON_ZERO'),  @@SESSION.sql_auto_is_null = 0, @@SESSION.wait_timeout = 2147483[0m
  [1m[35m (1.2ms)[0m  [1m[34mSELECT `schema_migrations`.`version` FROM `schema_migrations` ORDER BY `schema_migrations`.`version` ASC[0m
Processing by InvoicesController#index as HTML
  Rendering invoices/index.html.erb within layouts/application
  [1m[36mInvoice Load (1.5ms)[0m  [1m[34mSELECT `invoices`.* FROM `invoices` ORDER BY number DESC[0m
  [1m[36mClient Load (5.0ms)[0m  [1m[34mSELECT `clients`.* FROM `clients` WHERE `clients`.`id` IN (2, 1)[0m
  [1m[36mInvoiceLine Load (1.3ms)[0m  [1m[34mSELECT `invoice_lines`.* FROM `invoice_lines` WHERE `invoice_lines`.`invoice_id` IN (3, 2, 1)[0m
  [1m[36mFirm Load (0.7ms)[0m  [1m[34mSELECT  `firms`.* FROM `firms` WHERE `firms`.`id` = 1 LIMIT 1[0m
  [1m[36mFirm Load (0.4ms)[0m  [1m[34mSELECT  `firms`.* FROM `firms` WHERE `firms`.`id` = 2 LIMIT 1[0m
  [1m[36mFirm Load (0.5ms)[0m  [1m[34mSELECT  `firms`.* FROM `firms` WHERE `firms`.`id` = 1 LIMIT 1[0m
  Rendered invoices/_invoices.html.erb (224.7ms)
  Rendered invoices/index.html.erb within layouts/application (243.5ms)
  Rendered layouts/navigation/_header.html.erb (0.8ms)
  Rendered layouts/navigation/_sidebar.html.erb (574.0ms)
  Rendered layouts/navigation/_layout.erb (588.9ms)
Completed 500 Internal Server Error in 1706ms (ActiveRecord: 77.6ms)


  
ActionView::Template::Error (undefined local variable or method `messages_path' for #<#<Class:0x00007fedab4fd0f8>:0x00007fedab4ed180>):
    20:       <li><%= link_to "Klanten",  clients_path %></li>
    21:       <li><%= link_to "Bedrijven", firms_path %></li>
    22: 
    23:       <!-- li><%= link_to "Messages", messages_path%></li-->
    24: 
    25:       <!-- treeview js is not used 
    26:       <li class="treeview">
  
app/views/layouts/navigation/_sidebar.html.erb:23:in `_app_views_layouts_navigation__sidebar_html_erb___3069627450463310858_70329409165640'
app/views/layouts/navigation/_layout.erb:2:in `_app_views_layouts_navigation__layout_erb__3222775213155566361_70329409180660'
app/views/layouts/application.html.erb:22:in `_app_views_layouts_application_html_erb__676953630076172712_70329378962000'
Started GET "/" for 127.0.0.1 at 2020-12-26 21:09:29 +0100
Processing by InvoicesController#index as HTML
  Rendering invoices/index.html.erb within layouts/application
  [1m[35m (0.7ms)[0m  [1m[35mSET NAMES utf8,  @@SESSION.sql_mode = CONCAT(CONCAT(@@sql_mode, ',STRICT_ALL_TABLES'), ',NO_AUTO_VALUE_ON_ZERO'),  @@SESSION.sql_auto_is_null = 0, @@SESSION.wait_timeout = 2147483[0m
  [1m[36mInvoice Load (1.1ms)[0m  [1m[34mSELECT `invoices`.* FROM `invoices` ORDER BY number DESC[0m
  [1m[36mClient Load (2.5ms)[0m  [1m[34mSELECT `clients`.* FROM `clients` WHERE `clients`.`id` IN (2, 1)[0m
  [1m[36mInvoiceLine Load (0.7ms)[0m  [1m[34mSELECT `invoice_lines`.* FROM `invoice_lines` WHERE `invoice_lines`.`invoice_id` IN (3, 2, 1)[0m
  [1m[36mFirm Load (0.6ms)[0m  [1m[34mSELECT  `firms`.* FROM `firms` WHERE `firms`.`id` = 1 LIMIT 1[0m
  [1m[36mFirm Load (0.5ms)[0m  [1m[34mSELECT  `firms`.* FROM `firms` WHERE `firms`.`id` = 2 LIMIT 1[0m
  [1m[36mCACHE Firm Load (0.0ms)[0m  [1m[34mSELECT  `firms`.* FROM `firms` WHERE `firms`.`id` = 1 LIMIT 1[0m  [["id", 1], ["LIMIT", 1]]
  Rendered invoices/_invoices.html.erb (32.2ms)
  Rendered invoices/index.html.erb within layouts/application (36.2ms)
  Rendered layouts/navigation/_header.html.erb (0.6ms)
  Rendered layouts/navigation/_sidebar.html.erb (0.7ms)
  Rendered layouts/navigation/_layout.erb (15.2ms)
  Rendered layouts/navigation/_footer.html.erb (2.6ms)
Completed 200 OK in 199ms (Views: 188.3ms | ActiveRecord: 6.0ms)


Started GET "/invoices/new" for 127.0.0.1 at 2020-12-26 21:09:33 +0100
Processing by InvoicesController#new as HTML
  Rendering invoices/new.html.erb within layouts/application
  Rendered layouts/_error_messages.html.erb (0.4ms)
  [1m[36mFirm Load (0.4ms)[0m  [1m[34mSELECT  `firms`.* FROM `firms` ORDER BY `firms`.`id` ASC LIMIT 1[0m
  [1m[36mFirm Load (0.3ms)[0m  [1m[34mSELECT `firms`.* FROM `firms`[0m
  [1m[36mClient Load (0.4ms)[0m  [1m[34mSELECT `clients`.* FROM `clients` ORDER BY created_at DESC[0m
  Rendered invoices/_invoice_line_fields.html.erb (3.7ms)
  Rendered invoices/_invoice_line_fields.html.erb (0.8ms)
  Rendered invoices/_form.html.erb (142.3ms)
  Rendered invoices/new.html.erb within layouts/application (150.6ms)
  Rendered layouts/navigation/_header.html.erb (0.5ms)
  Rendered layouts/navigation/_sidebar.html.erb (1.0ms)
  Rendered layouts/navigation/_layout.erb (8.4ms)
  Rendered layouts/navigation/_footer.html.erb (1.8ms)
Completed 200 OK in 293ms (Views: 281.5ms | ActiveRecord: 1.2ms)


Started POST "/invoices" for 127.0.0.1 at 2020-12-26 21:09:44 +0100
Processing by InvoicesController#create as HTML
  Parameters: {"utf8"=>"✓", "authenticity_token"=>"GAdNybFuse1w7NHPWGjcJP8OBcqrOCIwdj376kNAOIuEtTNdPEoBP0jUhaxRwarLlEd58003wwnu+4McbE11cg==", "invoice"=>{"datum(1i)"=>"2020", "datum(2i)"=>"12", "datum(3i)"=>"26", "datum(4i)"=>"00", "datum(5i)"=>"00", "firm_id"=>"1", "client_id"=>"2", "offerte"=>"true", "no_vat"=>"0", "invoice_lines_attributes"=>{"0"=>{"description"=>"test factuurjte", "qty"=>"21", "price"=>"223", "_destroy"=>"false"}}}, "commit"=>"Bewaren"}
  [1m[36mInvoice Load (0.4ms)[0m  [1m[34mSELECT  `invoices`.* FROM `invoices` ORDER BY number DESC LIMIT 1[0m
  [1m[35m (0.7ms)[0m  [1m[35mBEGIN[0m
  [1m[36mClient Load (0.4ms)[0m  [1m[34mSELECT  `clients`.* FROM `clients` WHERE `clients`.`id` = 2 LIMIT 1[0m
  [1m[36mFirm Load (0.3ms)[0m  [1m[34mSELECT  `firms`.* FROM `firms` WHERE `firms`.`id` = 1 LIMIT 1[0m
  [1m[35mSQL (10.3ms)[0m  [1m[32mINSERT INTO `invoices` (`client_id`, `firm_id`, `number`, `offerte`, `no_vat`, `datum`, `created_at`, `updated_at`) VALUES (2, 1, 2020120007, 1, 0, '2020-12-26 00:00:00', '2020-12-26 20:09:44', '2020-12-26 20:09:44')[0m
  [1m[35mSQL (1.1ms)[0m  [1m[32mINSERT INTO `invoice_lines` (`invoice_id`, `description`, `qty`, `price`, `created_at`, `updated_at`) VALUES (4, 'test factuurjte', 21, 223, '2020-12-26 20:09:44', '2020-12-26 20:09:44')[0m
  [1m[35m (7.0ms)[0m  [1m[35mCOMMIT[0m
Redirected to http://localhost:3000/invoices/4
Completed 302 Found in 32ms (ActiveRecord: 20.1ms)


Started GET "/invoices/4" for 127.0.0.1 at 2020-12-26 21:09:44 +0100
Processing by InvoicesController#show as HTML
  Parameters: {"id"=>"4"}
  [1m[36mInvoice Load (0.4ms)[0m  [1m[34mSELECT  `invoices`.* FROM `invoices` WHERE `invoices`.`id` = 4 LIMIT 1[0m
  Rendering invoices/show.html.erb within layouts/application
  [1m[36mFirm Load (0.4ms)[0m  [1m[34mSELECT  `firms`.* FROM `firms` WHERE `firms`.`id` = 1 LIMIT 1[0m
  [1m[36mClient Load (0.5ms)[0m  [1m[34mSELECT  `clients`.* FROM `clients` WHERE `clients`.`id` = 2 LIMIT 1[0m
  [1m[36mInvoiceLine Load (0.5ms)[0m  [1m[34mSELECT `invoice_lines`.* FROM `invoice_lines` WHERE `invoice_lines`.`invoice_id` = 4[0m
  Rendered invoices/show.html.erb within layouts/application (10.4ms)
  Rendered layouts/navigation/_header.html.erb (0.5ms)
  Rendered layouts/navigation/_sidebar.html.erb (0.7ms)
  Rendered layouts/navigation/_layout.erb (10.2ms)
  Rendered layouts/navigation/_footer.html.erb (1.0ms)
Completed 200 OK in 107ms (Views: 94.9ms | ActiveRecord: 1.8ms)


Started GET "/invoices/4.pdf" for 127.0.0.1 at 2020-12-26 21:09:47 +0100
Processing by InvoicesController#show as PDF
  Parameters: {"id"=>"4"}
  [1m[36mInvoice Load (0.5ms)[0m  [1m[34mSELECT  `invoices`.* FROM `invoices` WHERE `invoices`.`id` = 4 LIMIT 1[0m
  [1m[36mFirm Load (0.5ms)[0m  [1m[34mSELECT  `firms`.* FROM `firms` WHERE `firms`.`id` = 1 LIMIT 1[0m
  [1m[36mClient Load (0.4ms)[0m  [1m[34mSELECT  `clients`.* FROM `clients` WHERE `clients`.`id` = 2 LIMIT 1[0m
  [1m[35m (2.3ms)[0m  [1m[34mSELECT COUNT(*) FROM `invoice_lines` WHERE `invoice_lines`.`invoice_id` = 4[0m
  [1m[36mInvoiceLine Load (0.3ms)[0m  [1m[34mSELECT `invoice_lines`.* FROM `invoice_lines` WHERE `invoice_lines`.`invoice_id` = 4[0m
  Rendering text template
  Rendered text template (0.0ms)
Sent data SIT_bvba_offerte_4.pdf (2.7ms)
Completed 200 OK in 292ms (Views: 2.3ms | ActiveRecord: 4.0ms)


Started GET "/invoices/4/edit" for 127.0.0.1 at 2020-12-26 21:10:00 +0100
Processing by InvoicesController#edit as HTML
  Parameters: {"id"=>"4"}
  [1m[36mInvoice Load (1.4ms)[0m  [1m[34mSELECT  `invoices`.* FROM `invoices` WHERE `invoices`.`id` = 4 LIMIT 1[0m
  Rendering invoices/edit.html.erb within layouts/application
  Rendered layouts/_error_messages.html.erb (0.7ms)
  [1m[36mFirm Load (2.0ms)[0m  [1m[34mSELECT  `firms`.* FROM `firms` ORDER BY `firms`.`id` ASC LIMIT 1[0m
  [1m[36mFirm Load (0.6ms)[0m  [1m[34mSELECT `firms`.* FROM `firms`[0m
  [1m[36mClient Load (0.6ms)[0m  [1m[34mSELECT `clients`.* FROM `clients` ORDER BY created_at DESC[0m
  [1m[36mInvoiceLine Load (0.9ms)[0m  [1m[34mSELECT `invoice_lines`.* FROM `invoice_lines` WHERE `invoice_lines`.`invoice_id` = 4[0m
  Rendered invoices/_invoice_line_fields.html.erb (2.3ms)
  Rendered invoices/_invoice_line_fields.html.erb (1.2ms)
  Rendered invoices/_form.html.erb (54.8ms)
  Rendered invoices/edit.html.erb within layouts/application (60.9ms)
  Rendered layouts/navigation/_header.html.erb (0.8ms)
  Rendered layouts/navigation/_sidebar.html.erb (4.4ms)
  Rendered layouts/navigation/_layout.erb (20.2ms)
  Rendered layouts/navigation/_footer.html.erb (0.6ms)
Completed 200 OK in 285ms (Views: 267.0ms | ActiveRecord: 5.6ms)


Started PATCH "/invoices/4" for 127.0.0.1 at 2020-12-26 21:10:05 +0100
Processing by InvoicesController#update as HTML
  Parameters: {"utf8"=>"✓", "authenticity_token"=>"mBUSbUwZaFkO83R4wbJWeVAAJicJrHo7aEkD6h5Nz/Xp0r5X/YTxqz/63Gu0ajpq3k5d3VM30tlnZ1HIAc7D1w==", "invoice"=>{"datum(1i)"=>"2020", "datum(2i)"=>"12", "datum(3i)"=>"26", "datum(4i)"=>"00", "datum(5i)"=>"00", "firm_id"=>"1", "client_id"=>"2", "offerte"=>"false", "no_vat"=>"0", "invoice_lines_attributes"=>{"0"=>{"description"=>"test factuurjte", "qty"=>"21", "price"=>"223", "_destroy"=>"false", "id"=>"4"}}}, "commit"=>"Bewaren", "id"=>"4"}
  [1m[36mInvoice Load (0.3ms)[0m  [1m[34mSELECT  `invoices`.* FROM `invoices` WHERE `invoices`.`id` = 4 LIMIT 1[0m
  [1m[36mInvoice Load (0.3ms)[0m  [1m[34mSELECT  `invoices`.* FROM `invoices` ORDER BY number DESC LIMIT 1[0m
  [1m[35m (0.1ms)[0m  [1m[35mBEGIN[0m
  [1m[36mInvoiceLine Load (0.3ms)[0m  [1m[34mSELECT `invoice_lines`.* FROM `invoice_lines` WHERE `invoice_lines`.`invoice_id` = 4 AND `invoice_lines`.`id` = 4[0m
  [1m[36mClient Load (1.0ms)[0m  [1m[34mSELECT  `clients`.* FROM `clients` WHERE `clients`.`id` = 2 LIMIT 1[0m
  [1m[36mFirm Load (0.4ms)[0m  [1m[34mSELECT  `firms`.* FROM `firms` WHERE `firms`.`id` = 1 LIMIT 1[0m
  [1m[35mSQL (3.6ms)[0m  [1m[33mUPDATE `invoices` SET `number` = 2020120008, `offerte` = 0, `updated_at` = '2020-12-26 20:10:05' WHERE `invoices`.`id` = 4[0m
  [1m[35m (1.9ms)[0m  [1m[35mCOMMIT[0m
Redirected to http://localhost:3000/invoices/4
Completed 302 Found in 22ms (ActiveRecord: 8.0ms)


Started GET "/invoices/4" for 127.0.0.1 at 2020-12-26 21:10:05 +0100
Processing by InvoicesController#show as HTML
  Parameters: {"id"=>"4"}
  [1m[36mInvoice Load (0.3ms)[0m  [1m[34mSELECT  `invoices`.* FROM `invoices` WHERE `invoices`.`id` = 4 LIMIT 1[0m
  Rendering invoices/show.html.erb within layouts/application
  [1m[36mFirm Load (0.8ms)[0m  [1m[34mSELECT  `firms`.* FROM `firms` WHERE `firms`.`id` = 1 LIMIT 1[0m
  [1m[36mClient Load (0.4ms)[0m  [1m[34mSELECT  `clients`.* FROM `clients` WHERE `clients`.`id` = 2 LIMIT 1[0m
  [1m[36mInvoiceLine Load (0.3ms)[0m  [1m[34mSELECT `invoice_lines`.* FROM `invoice_lines` WHERE `invoice_lines`.`invoice_id` = 4[0m
  Rendered invoices/show.html.erb within layouts/application (20.6ms)
Completed 500 Internal Server Error in 37ms (ActiveRecord: 1.8ms)


  
ActionView::Template::Error (can't modify frozen String):
    108:   <%= to_euro( @invoice.total) %> 
    109: <% end %>
    110: over te schrijven op rekening <%= @invoice.firm.bank %> met mededeling 
    111:   <%=h @invoice.mededeling%>
    112: </p>
    113: 
    114: 
  
app/models/factuur_mededeling.rb:24:in `insert'
app/models/factuur_mededeling.rb:24:in `mededeling'
app/models/invoice.rb:16:in `mededeling'
app/views/invoices/show.html.erb:111:in `_app_views_invoices_show_html_erb__1030298558809154740_70329371332080'
Started GET "/invoices/4" for 127.0.0.1 at 2020-12-26 21:11:26 +0100
Processing by InvoicesController#show as HTML
  Parameters: {"id"=>"4"}
  [1m[36mInvoice Load (0.3ms)[0m  [1m[34mSELECT  `invoices`.* FROM `invoices` WHERE `invoices`.`id` = 4 LIMIT 1[0m
  Rendering invoices/show.html.erb within layouts/application
  [1m[36mFirm Load (0.4ms)[0m  [1m[34mSELECT  `firms`.* FROM `firms` WHERE `firms`.`id` = 1 LIMIT 1[0m
  [1m[36mClient Load (0.3ms)[0m  [1m[34mSELECT  `clients`.* FROM `clients` WHERE `clients`.`id` = 2 LIMIT 1[0m
  [1m[36mInvoiceLine Load (0.3ms)[0m  [1m[34mSELECT `invoice_lines`.* FROM `invoice_lines` WHERE `invoice_lines`.`invoice_id` = 4[0m
  Rendered invoices/show.html.erb within layouts/application (83.7ms)
Completed 500 Internal Server Error in 118ms (ActiveRecord: 41.2ms)


  
ActionView::Template::Error (can't modify frozen String):
    108:   <%= to_euro( @invoice.total) %> 
    109: <% end %>
    110: over te schrijven op rekening <%= @invoice.firm.bank %> met mededeling 
    111:   <%=h @invoice.mededeling%>
    112: </p>
    113: 
    114: 
  
app/models/factuur_mededeling.rb:24:in `insert'
app/models/factuur_mededeling.rb:24:in `mededeling'
app/models/invoice.rb:16:in `mededeling'
app/views/invoices/show.html.erb:111:in `_app_views_invoices_show_html_erb__1030298558809154740_70329372198640'
Started GET "/invoices/4" for 127.0.0.1 at 2020-12-26 21:11:50 +0100
Processing by InvoicesController#show as HTML
  Parameters: {"id"=>"4"}
  [1m[36mInvoice Load (1.7ms)[0m  [1m[34mSELECT  `invoices`.* FROM `invoices` WHERE `invoices`.`id` = 4 LIMIT 1[0m
  Rendering invoices/show.html.erb within layouts/application
  [1m[36mFirm Load (0.7ms)[0m  [1m[34mSELECT  `firms`.* FROM `firms` WHERE `firms`.`id` = 1 LIMIT 1[0m
  [1m[36mClient Load (2.2ms)[0m  [1m[34mSELECT  `clients`.* FROM `clients` WHERE `clients`.`id` = 2 LIMIT 1[0m
  [1m[36mInvoiceLine Load (0.4ms)[0m  [1m[34mSELECT `invoice_lines`.* FROM `invoice_lines` WHERE `invoice_lines`.`invoice_id` = 4[0m
  Rendered invoices/show.html.erb within layouts/application (140.5ms)
  Rendered layouts/navigation/_header.html.erb (0.7ms)
  Rendered layouts/navigation/_sidebar.html.erb (0.8ms)
  Rendered layouts/navigation/_layout.erb (13.1ms)
  Rendered layouts/navigation/_footer.html.erb (1.3ms)
Completed 200 OK in 344ms (Views: 307.4ms | ActiveRecord: 4.9ms)


Started GET "/invoices/4.pdf" for 127.0.0.1 at 2020-12-26 21:11:57 +0100
Processing by InvoicesController#show as PDF
  Parameters: {"id"=>"4"}
  [1m[36mInvoice Load (0.5ms)[0m  [1m[34mSELECT  `invoices`.* FROM `invoices` WHERE `invoices`.`id` = 4 LIMIT 1[0m
  [1m[36mFirm Load (0.5ms)[0m  [1m[34mSELECT  `firms`.* FROM `firms` WHERE `firms`.`id` = 1 LIMIT 1[0m
  [1m[36mClient Load (0.6ms)[0m  [1m[34mSELECT  `clients`.* FROM `clients` WHERE `clients`.`id` = 2 LIMIT 1[0m
  [1m[35m (0.5ms)[0m  [1m[34mSELECT COUNT(*) FROM `invoice_lines` WHERE `invoice_lines`.`invoice_id` = 4[0m
  [1m[36mInvoiceLine Load (0.4ms)[0m  [1m[34mSELECT `invoice_lines`.* FROM `invoice_lines` WHERE `invoice_lines`.`invoice_id` = 4[0m
  Rendering text template
  Rendered text template (0.1ms)
Sent data SIT_bvba_factuur_2020120008.pdf (1.1ms)
Completed 200 OK in 302ms (Views: 0.8ms | ActiveRecord: 2.5ms)


Started GET "/invoices" for 127.0.0.1 at 2020-12-26 21:14:24 +0100
  [1m[35m (0.6ms)[0m  [1m[35mSET NAMES utf8,  @@SESSION.sql_mode = CONCAT(CONCAT(@@sql_mode, ',STRICT_ALL_TABLES'), ',NO_AUTO_VALUE_ON_ZERO'),  @@SESSION.sql_auto_is_null = 0, @@SESSION.wait_timeout = 2147483[0m
  [1m[35m (0.5ms)[0m  [1m[34mSELECT `schema_migrations`.`version` FROM `schema_migrations` ORDER BY `schema_migrations`.`version` ASC[0m
Processing by InvoicesController#index as HTML
  Rendering invoices/index.html.erb within layouts/application
  [1m[36mInvoice Load (0.6ms)[0m  [1m[34mSELECT `invoices`.* FROM `invoices` ORDER BY number DESC[0m
  [1m[36mClient Load (0.7ms)[0m  [1m[34mSELECT `clients`.* FROM `clients` WHERE `clients`.`id` IN (2, 1)[0m
  [1m[36mInvoiceLine Load (0.6ms)[0m  [1m[34mSELECT `invoice_lines`.* FROM `invoice_lines` WHERE `invoice_lines`.`invoice_id` IN (4, 3, 2, 1)[0m
  [1m[36mFirm Load (1.7ms)[0m  [1m[34mSELECT  `firms`.* FROM `firms` WHERE `firms`.`id` = 1 LIMIT 1[0m
  [1m[36mFirm Load (0.4ms)[0m  [1m[34mSELECT  `firms`.* FROM `firms` WHERE `firms`.`id` = 1 LIMIT 1[0m
  [1m[36mFirm Load (0.3ms)[0m  [1m[34mSELECT  `firms`.* FROM `firms` WHERE `firms`.`id` = 2 LIMIT 1[0m
  [1m[36mFirm Load (0.4ms)[0m  [1m[34mSELECT  `firms`.* FROM `firms` WHERE `firms`.`id` = 1 LIMIT 1[0m
  Rendered invoices/_invoices.html.erb (216.7ms)
  Rendered invoices/index.html.erb within layouts/application (241.2ms)
  Rendered layouts/navigation/_header.html.erb (0.7ms)
  Rendered layouts/navigation/_sidebar.html.erb (1.3ms)
  Rendered layouts/navigation/_layout.erb (19.4ms)
  Rendered layouts/navigation/_footer.html.erb (0.7ms)
Completed 200 OK in 758ms (Views: 668.1ms | ActiveRecord: 57.4ms)


Started GET "/invoices/new" for 127.0.0.1 at 2020-12-26 21:14:28 +0100
Processing by InvoicesController#new as HTML
  [1m[35m (1.6ms)[0m  [1m[35mSET NAMES utf8,  @@SESSION.sql_mode = CONCAT(CONCAT(@@sql_mode, ',STRICT_ALL_TABLES'), ',NO_AUTO_VALUE_ON_ZERO'),  @@SESSION.sql_auto_is_null = 0, @@SESSION.wait_timeout = 2147483[0m
  Rendering invoices/new.html.erb within layouts/application
  Rendered layouts/_error_messages.html.erb (0.4ms)
  [1m[36mFirm Load (0.5ms)[0m  [1m[34mSELECT  `firms`.* FROM `firms` ORDER BY `firms`.`id` ASC LIMIT 1[0m
  [1m[36mFirm Load (0.3ms)[0m  [1m[34mSELECT `firms`.* FROM `firms`[0m
  [1m[36mClient Load (0.6ms)[0m  [1m[34mSELECT `clients`.* FROM `clients` ORDER BY created_at DESC[0m
  Rendered invoices/_invoice_line_fields.html.erb (2.0ms)
  Rendered invoices/_invoice_line_fields.html.erb (0.5ms)
  Rendered invoices/_form.html.erb (121.7ms)
  Rendered invoices/new.html.erb within layouts/application (128.2ms)
  Rendered layouts/navigation/_header.html.erb (1.1ms)
  Rendered layouts/navigation/_sidebar.html.erb (2.1ms)
  Rendered layouts/navigation/_layout.erb (11.9ms)
  Rendered layouts/navigation/_footer.html.erb (2.1ms)
Completed 200 OK in 231ms (Views: 212.2ms | ActiveRecord: 3.0ms)


Started POST "/invoices" for 127.0.0.1 at 2020-12-26 21:14:37 +0100
Processing by InvoicesController#create as HTML
  Parameters: {"utf8"=>"✓", "authenticity_token"=>"aG4c18ZacaSoLQVP5HgEVp2jYKAfdtGN3TJZIAMLfTf03GJDS37BdpAVUSzt0XK59uocmfl5MLRF9CHWLAYwzg==", "invoice"=>{"datum(1i)"=>"2020", "datum(2i)"=>"12", "datum(3i)"=>"26", "datum(4i)"=>"00", "datum(5i)"=>"00", "firm_id"=>"1", "client_id"=>"2", "offerte"=>"true", "no_vat"=>"0", "invoice_lines_attributes"=>{"0"=>{"description"=>"test222", "qty"=>"23", "price"=>"323", "_destroy"=>"false"}}}, "commit"=>"Bewaren"}
  [1m[36mInvoice Load (1.3ms)[0m  [1m[34mSELECT  `invoices`.* FROM `invoices` ORDER BY number DESC LIMIT 1[0m
  [1m[35m (0.2ms)[0m  [1m[35mBEGIN[0m
  [1m[36mClient Load (0.5ms)[0m  [1m[34mSELECT  `clients`.* FROM `clients` WHERE `clients`.`id` = 2 LIMIT 1[0m
  [1m[36mFirm Load (0.6ms)[0m  [1m[34mSELECT  `firms`.* FROM `firms` WHERE `firms`.`id` = 1 LIMIT 1[0m
  [1m[35mSQL (0.4ms)[0m  [1m[32mINSERT INTO `invoices` (`client_id`, `firm_id`, `number`, `offerte`, `no_vat`, `datum`, `created_at`, `updated_at`) VALUES (2, 1, 2020120009, 1, 0, '2020-12-26 00:00:00', '2020-12-26 20:14:37', '2020-12-26 20:14:37')[0m
  [1m[35mSQL (0.7ms)[0m  [1m[32mINSERT INTO `invoice_lines` (`invoice_id`, `description`, `qty`, `price`, `created_at`, `updated_at`) VALUES (5, 'test222', 23, 323, '2020-12-26 20:14:37', '2020-12-26 20:14:37')[0m
  [1m[35m (3.0ms)[0m  [1m[35mCOMMIT[0m
Redirected to http://localhost:3000/invoices/5
Completed 302 Found in 24ms (ActiveRecord: 6.6ms)


Started GET "/invoices/5" for 127.0.0.1 at 2020-12-26 21:14:37 +0100
Processing by InvoicesController#show as HTML
  Parameters: {"id"=>"5"}
  [1m[36mInvoice Load (0.5ms)[0m  [1m[34mSELECT  `invoices`.* FROM `invoices` WHERE `invoices`.`id` = 5 LIMIT 1[0m
  Rendering invoices/show.html.erb within layouts/application
  [1m[36mFirm Load (0.5ms)[0m  [1m[34mSELECT  `firms`.* FROM `firms` WHERE `firms`.`id` = 1 LIMIT 1[0m
  [1m[36mClient Load (0.4ms)[0m  [1m[34mSELECT  `clients`.* FROM `clients` WHERE `clients`.`id` = 2 LIMIT 1[0m
  [1m[36mInvoiceLine Load (0.6ms)[0m  [1m[34mSELECT `invoice_lines`.* FROM `invoice_lines` WHERE `invoice_lines`.`invoice_id` = 5[0m
  Rendered invoices/show.html.erb within layouts/application (11.4ms)
  Rendered layouts/navigation/_header.html.erb (0.4ms)
  Rendered layouts/navigation/_sidebar.html.erb (0.5ms)
  Rendered layouts/navigation/_layout.erb (8.5ms)
  Rendered layouts/navigation/_footer.html.erb (0.6ms)
Completed 200 OK in 183ms (Views: 174.4ms | ActiveRecord: 2.0ms)


Started GET "/invoices/5.pdf" for 127.0.0.1 at 2020-12-26 21:14:40 +0100
Processing by InvoicesController#show as PDF
  Parameters: {"id"=>"5"}
  [1m[36mInvoice Load (0.7ms)[0m  [1m[34mSELECT  `invoices`.* FROM `invoices` WHERE `invoices`.`id` = 5 LIMIT 1[0m
  [1m[36mFirm Load (0.4ms)[0m  [1m[34mSELECT  `firms`.* FROM `firms` WHERE `firms`.`id` = 1 LIMIT 1[0m
  [1m[36mClient Load (0.3ms)[0m  [1m[34mSELECT  `clients`.* FROM `clients` WHERE `clients`.`id` = 2 LIMIT 1[0m
  [1m[35m (0.4ms)[0m  [1m[34mSELECT COUNT(*) FROM `invoice_lines` WHERE `invoice_lines`.`invoice_id` = 5[0m
  [1m[36mInvoiceLine Load (0.4ms)[0m  [1m[34mSELECT `invoice_lines`.* FROM `invoice_lines` WHERE `invoice_lines`.`invoice_id` = 5[0m
  Rendering text template
  Rendered text template (0.0ms)
Sent data SIT_bvba_offerte_5.pdf (2.4ms)
Completed 200 OK in 379ms (Views: 2.2ms | ActiveRecord: 2.1ms)


Started GET "/invoices/5/edit" for 127.0.0.1 at 2020-12-26 21:14:44 +0100
Processing by InvoicesController#edit as HTML
  Parameters: {"id"=>"5"}
  [1m[36mInvoice Load (1.2ms)[0m  [1m[34mSELECT  `invoices`.* FROM `invoices` WHERE `invoices`.`id` = 5 LIMIT 1[0m
  Rendering invoices/edit.html.erb within layouts/application
  Rendered layouts/_error_messages.html.erb (1.1ms)
  [1m[36mFirm Load (0.4ms)[0m  [1m[34mSELECT  `firms`.* FROM `firms` ORDER BY `firms`.`id` ASC LIMIT 1[0m
  [1m[36mFirm Load (0.4ms)[0m  [1m[34mSELECT `firms`.* FROM `firms`[0m
  [1m[36mClient Load (0.4ms)[0m  [1m[34mSELECT `clients`.* FROM `clients` ORDER BY created_at DESC[0m
  [1m[36mInvoiceLine Load (0.5ms)[0m  [1m[34mSELECT `invoice_lines`.* FROM `invoice_lines` WHERE `invoice_lines`.`invoice_id` = 5[0m
  Rendered invoices/_invoice_line_fields.html.erb (1.4ms)
  Rendered invoices/_invoice_line_fields.html.erb (0.7ms)
  Rendered invoices/_form.html.erb (56.0ms)
  Rendered invoices/edit.html.erb within layouts/application (64.1ms)
  Rendered layouts/navigation/_header.html.erb (0.4ms)
  Rendered layouts/navigation/_sidebar.html.erb (0.5ms)
  Rendered layouts/navigation/_layout.erb (7.3ms)
  Rendered layouts/navigation/_footer.html.erb (0.4ms)
Completed 200 OK in 235ms (Views: 220.6ms | ActiveRecord: 2.8ms)


Started PATCH "/invoices/5" for 127.0.0.1 at 2020-12-26 21:14:49 +0100
Processing by InvoicesController#update as HTML
  Parameters: {"utf8"=>"✓", "authenticity_token"=>"0qMbnI7SJYecMudaMTLVd+Dsz+FuNumpDYCSVeZ9zvqu/2pXICysVKe2lbPgSxIqZdd1DLHFBp7GYuftiSHOTw==", "invoice"=>{"datum(1i)"=>"2020", "datum(2i)"=>"12", "datum(3i)"=>"26", "datum(4i)"=>"00", "datum(5i)"=>"00", "firm_id"=>"1", "client_id"=>"2", "offerte"=>"false", "no_vat"=>"0", "invoice_lines_attributes"=>{"0"=>{"description"=>"test222", "qty"=>"23", "price"=>"323", "_destroy"=>"false", "id"=>"5"}}}, "commit"=>"Bewaren", "id"=>"5"}
  [1m[36mInvoice Load (0.6ms)[0m  [1m[34mSELECT  `invoices`.* FROM `invoices` WHERE `invoices`.`id` = 5 LIMIT 1[0m
  [1m[36mInvoice Load (0.5ms)[0m  [1m[34mSELECT  `invoices`.* FROM `invoices` ORDER BY number DESC LIMIT 1[0m
  [1m[35m (0.7ms)[0m  [1m[35mBEGIN[0m
  [1m[36mInvoiceLine Load (1.2ms)[0m  [1m[34mSELECT `invoice_lines`.* FROM `invoice_lines` WHERE `invoice_lines`.`invoice_id` = 5 AND `invoice_lines`.`id` = 5[0m
  [1m[36mClient Load (0.6ms)[0m  [1m[34mSELECT  `clients`.* FROM `clients` WHERE `clients`.`id` = 2 LIMIT 1[0m
  [1m[36mFirm Load (0.3ms)[0m  [1m[34mSELECT  `firms`.* FROM `firms` WHERE `firms`.`id` = 1 LIMIT 1[0m
  [1m[35mSQL (0.5ms)[0m  [1m[33mUPDATE `invoices` SET `number` = 2020120010, `offerte` = 0, `updated_at` = '2020-12-26 20:14:49' WHERE `invoices`.`id` = 5[0m
  [1m[35m (0.9ms)[0m  [1m[35mCOMMIT[0m
Redirected to http://localhost:3000/invoices/5
Completed 302 Found in 20ms (ActiveRecord: 5.3ms)


Started GET "/invoices/5" for 127.0.0.1 at 2020-12-26 21:14:49 +0100
Processing by InvoicesController#show as HTML
  Parameters: {"id"=>"5"}
  [1m[36mInvoice Load (0.4ms)[0m  [1m[34mSELECT  `invoices`.* FROM `invoices` WHERE `invoices`.`id` = 5 LIMIT 1[0m
  Rendering invoices/show.html.erb within layouts/application
  [1m[36mFirm Load (4.0ms)[0m  [1m[34mSELECT  `firms`.* FROM `firms` WHERE `firms`.`id` = 1 LIMIT 1[0m
  [1m[36mClient Load (2.6ms)[0m  [1m[34mSELECT  `clients`.* FROM `clients` WHERE `clients`.`id` = 2 LIMIT 1[0m
  [1m[36mInvoiceLine Load (1.4ms)[0m  [1m[34mSELECT `invoice_lines`.* FROM `invoice_lines` WHERE `invoice_lines`.`invoice_id` = 5[0m
  Rendered invoices/show.html.erb within layouts/application (22.8ms)
  Rendered layouts/navigation/_header.html.erb (0.5ms)
  Rendered layouts/navigation/_sidebar.html.erb (0.5ms)
  Rendered layouts/navigation/_layout.erb (8.3ms)
  Rendered layouts/navigation/_footer.html.erb (0.4ms)
Completed 200 OK in 182ms (Views: 170.1ms | ActiveRecord: 8.5ms)


Started GET "/invoices/5.pdf" for 127.0.0.1 at 2020-12-26 21:14:51 +0100
Processing by InvoicesController#show as PDF
  Parameters: {"id"=>"5"}
  [1m[36mInvoice Load (1.3ms)[0m  [1m[34mSELECT  `invoices`.* FROM `invoices` WHERE `invoices`.`id` = 5 LIMIT 1[0m
  [1m[36mFirm Load (0.4ms)[0m  [1m[34mSELECT  `firms`.* FROM `firms` WHERE `firms`.`id` = 1 LIMIT 1[0m
  [1m[36mClient Load (0.3ms)[0m  [1m[34mSELECT  `clients`.* FROM `clients` WHERE `clients`.`id` = 2 LIMIT 1[0m
  [1m[35m (0.4ms)[0m  [1m[34mSELECT COUNT(*) FROM `invoice_lines` WHERE `invoice_lines`.`invoice_id` = 5[0m
  [1m[36mInvoiceLine Load (0.3ms)[0m  [1m[34mSELECT `invoice_lines`.* FROM `invoice_lines` WHERE `invoice_lines`.`invoice_id` = 5[0m
  Rendering text template
  Rendered text template (0.0ms)
Sent data SIT_bvba_factuur_2020120010.pdf (0.6ms)
Completed 200 OK in 287ms (Views: 0.4ms | ActiveRecord: 2.6ms)


Started GET "/clients" for 127.0.0.1 at 2020-12-26 21:15:21 +0100
Processing by ClientsController#index as HTML
  Rendering clients/index.html.erb within layouts/application
  [1m[36mClient Load (0.5ms)[0m  [1m[34mSELECT `clients`.* FROM `clients`[0m
  [1m[36mFirm Load (0.5ms)[0m  [1m[34mSELECT  `firms`.* FROM `firms` WHERE `firms`.`id` = 1 LIMIT 1[0m
  [1m[36mCACHE Firm Load (0.0ms)[0m  [1m[34mSELECT  `firms`.* FROM `firms` WHERE `firms`.`id` = 1 LIMIT 1[0m  [["id", 1], ["LIMIT", 1]]
  Rendered clients/index.html.erb within layouts/application (32.8ms)
  Rendered layouts/navigation/_header.html.erb (0.8ms)
  Rendered layouts/navigation/_sidebar.html.erb (0.8ms)
  Rendered layouts/navigation/_layout.erb (14.4ms)
  Rendered layouts/navigation/_footer.html.erb (0.6ms)
Completed 200 OK in 267ms (Views: 259.5ms | ActiveRecord: 1.1ms)


Started GET "/clients/new" for 127.0.0.1 at 2020-12-26 21:15:22 +0100
Processing by ClientsController#new as HTML
  Rendering clients/new.html.erb within layouts/application
  [1m[36mFirm Load (0.7ms)[0m  [1m[34mSELECT  `firms`.* FROM `firms` ORDER BY `firms`.`id` ASC LIMIT 1[0m
  [1m[36mFirm Load (1.0ms)[0m  [1m[34mSELECT `firms`.* FROM `firms`[0m
  Rendered clients/_form.html.erb (33.9ms)
  Rendered clients/new.html.erb within layouts/application (41.1ms)
  Rendered layouts/navigation/_header.html.erb (0.5ms)
  Rendered layouts/navigation/_sidebar.html.erb (0.4ms)
  Rendered layouts/navigation/_layout.erb (7.5ms)
  Rendered layouts/navigation/_footer.html.erb (0.6ms)
Completed 200 OK in 167ms (Views: 158.1ms | ActiveRecord: 1.7ms)


Started POST "/clients" for 127.0.0.1 at 2020-12-26 21:15:45 +0100
Processing by ClientsController#create as HTML
  Parameters: {"utf8"=>"✓", "authenticity_token"=>"S2LGH0DGBGcTBI6CfcQpzuBpBcYxv7g5RE6ZKFNKSaYusJi915KSzVaIW2x8UQguH58Gfga0JweegdbOhxkb3g==", "client"=>{"firm_id"=>"1", "name"=>"Testklant", "email"=>"bla@b.com", "vat"=>"somevathere testklant", "phone"=>"23923942380", "fax"=>"", "bank"=>"", "address"=>"todo adres here\r\nantwerpen 2000"}, "commit"=>"Aanmaken"}
  [1m[35m (0.1ms)[0m  [1m[35mBEGIN[0m
  [1m[36mFirm Load (0.7ms)[0m  [1m[34mSELECT  `firms`.* FROM `firms` WHERE `firms`.`id` = 1 LIMIT 1[0m
  [1m[35mSQL (0.6ms)[0m  [1m[32mINSERT INTO `clients` (`firm_id`, `name`, `email`, `phone`, `fax`, `vat`, `bank`, `address`, `created_at`, `updated_at`) VALUES (1, 'Testklant', 'bla@b.com', '23923942380', '', 'somevathere testklant', '', 'todo adres here\r\nantwerpen 2000', '2020-12-26 20:15:45', '2020-12-26 20:15:45')[0m
  [1m[35m (1.2ms)[0m  [1m[35mCOMMIT[0m
Redirected to http://localhost:3000/clients/3
Completed 302 Found in 10ms (ActiveRecord: 2.6ms)


Started GET "/clients/3" for 127.0.0.1 at 2020-12-26 21:15:45 +0100
Processing by ClientsController#show as HTML
  Parameters: {"id"=>"3"}
  [1m[36mClient Load (2.2ms)[0m  [1m[34mSELECT  `clients`.* FROM `clients` WHERE `clients`.`id` = 3 LIMIT 1[0m
  Rendering clients/show.html.erb within layouts/application
  [1m[36mFirm Load (0.4ms)[0m  [1m[34mSELECT  `firms`.* FROM `firms` WHERE `firms`.`id` = 1 LIMIT 1[0m
  [1m[36mInvoice Load (0.4ms)[0m  [1m[34mSELECT `invoices`.* FROM `invoices` WHERE `invoices`.`client_id` = 3[0m
  Rendered invoices/_invoices.html.erb (6.5ms)
  Rendered clients/show.html.erb within layouts/application (19.6ms)
  Rendered layouts/navigation/_header.html.erb (0.4ms)
  Rendered layouts/navigation/_sidebar.html.erb (0.5ms)
  Rendered layouts/navigation/_layout.erb (7.5ms)
  Rendered layouts/navigation/_footer.html.erb (0.4ms)
Completed 200 OK in 183ms (Views: 167.6ms | ActiveRecord: 3.0ms)


Started GET "/clients/3/edit" for 127.0.0.1 at 2020-12-26 21:15:48 +0100
Processing by ClientsController#edit as HTML
  Parameters: {"id"=>"3"}
  [1m[36mClient Load (0.6ms)[0m  [1m[34mSELECT  `clients`.* FROM `clients` WHERE `clients`.`id` = 3 LIMIT 1[0m
  Rendering clients/edit.html.erb within layouts/application
  [1m[36mFirm Load (10.7ms)[0m  [1m[34mSELECT  `firms`.* FROM `firms` ORDER BY `firms`.`id` ASC LIMIT 1[0m
  [1m[36mFirm Load (4.1ms)[0m  [1m[34mSELECT `firms`.* FROM `firms`[0m
  Rendered clients/_form.html.erb (44.0ms)
  Rendered clients/edit.html.erb within layouts/application (59.8ms)
  Rendered layouts/navigation/_header.html.erb (0.4ms)
  Rendered layouts/navigation/_sidebar.html.erb (0.6ms)
  Rendered layouts/navigation/_layout.erb (7.4ms)
  Rendered layouts/navigation/_footer.html.erb (0.9ms)
Completed 200 OK in 227ms (Views: 198.8ms | ActiveRecord: 15.4ms)


Started GET "/clients/3/edit" for 127.0.0.1 at 2020-12-26 21:17:24 +0100
Processing by ClientsController#edit as HTML
  Parameters: {"id"=>"3"}
  [1m[36mClient Load (0.6ms)[0m  [1m[34mSELECT  `clients`.* FROM `clients` WHERE `clients`.`id` = 3 LIMIT 1[0m
  Rendering clients/edit.html.erb within layouts/application
  [1m[36mFirm Load (0.5ms)[0m  [1m[34mSELECT  `firms`.* FROM `firms` ORDER BY `firms`.`id` ASC LIMIT 1[0m
  [1m[36mFirm Load (0.3ms)[0m  [1m[34mSELECT `firms`.* FROM `firms`[0m
  Rendered clients/_form.html.erb (18.0ms)
  Rendered clients/edit.html.erb within layouts/application (25.4ms)
  Rendered layouts/navigation/_header.html.erb (1.0ms)
  Rendered layouts/navigation/_sidebar.html.erb (0.6ms)
  Rendered layouts/navigation/_layout.erb (10.6ms)
  Rendered layouts/navigation/_footer.html.erb (0.5ms)
Completed 200 OK in 3391ms (Views: 3381.3ms | ActiveRecord: 1.4ms)


Started PATCH "/clients/3" for 127.0.0.1 at 2020-12-26 21:17:34 +0100
Processing by ClientsController#update as HTML
  Parameters: {"utf8"=>"✓", "authenticity_token"=>"u68e5c3ipKz79xb3JSn6SV8nH6It4xJAksQxC2QS6U/sk7HNC59r+JvxEOgyov+3q6Ly4AEW2cH87enxzKcimg==", "client"=>{"firm_id"=>"1", "name"=>"Testklant", "email"=>"bla@b.com", "vat"=>"somevathere testklant", "phone"=>"23923942380", "fax"=>"", "bank"=>"", "address"=>"todo adres here\r\nantwerpen 2000"}, "commit"=>"Aanmaken", "id"=>"3"}
  [1m[36mClient Load (0.5ms)[0m  [1m[34mSELECT  `clients`.* FROM `clients` WHERE `clients`.`id` = 3 LIMIT 1[0m
  [1m[35m (0.2ms)[0m  [1m[35mBEGIN[0m
  [1m[36mFirm Load (0.8ms)[0m  [1m[34mSELECT  `firms`.* FROM `firms` WHERE `firms`.`id` = 1 LIMIT 1[0m
  [1m[35m (0.3ms)[0m  [1m[35mCOMMIT[0m
Redirected to http://localhost:3000/clients/3
Completed 302 Found in 9ms (ActiveRecord: 1.8ms)


Started GET "/clients/3" for 127.0.0.1 at 2020-12-26 21:17:34 +0100
Processing by ClientsController#show as HTML
  Parameters: {"id"=>"3"}
  [1m[36mClient Load (1.1ms)[0m  [1m[34mSELECT  `clients`.* FROM `clients` WHERE `clients`.`id` = 3 LIMIT 1[0m
  Rendering clients/show.html.erb within layouts/application
  [1m[36mFirm Load (0.8ms)[0m  [1m[34mSELECT  `firms`.* FROM `firms` WHERE `firms`.`id` = 1 LIMIT 1[0m
  [1m[36mInvoice Load (5.9ms)[0m  [1m[34mSELECT `invoices`.* FROM `invoices` WHERE `invoices`.`client_id` = 3[0m
  Rendered invoices/_invoices.html.erb (14.7ms)
  Rendered clients/show.html.erb within layouts/application (27.9ms)
  Rendered layouts/navigation/_header.html.erb (0.5ms)
  Rendered layouts/navigation/_sidebar.html.erb (1.1ms)
  Rendered layouts/navigation/_layout.erb (12.2ms)
  Rendered layouts/navigation/_footer.html.erb (0.4ms)
Completed 200 OK in 229ms (Views: 213.4ms | ActiveRecord: 7.8ms)


Started GET "/clients/3/edit" for 127.0.0.1 at 2020-12-26 21:17:37 +0100
Processing by ClientsController#edit as HTML
  Parameters: {"id"=>"3"}
  [1m[36mClient Load (0.7ms)[0m  [1m[34mSELECT  `clients`.* FROM `clients` WHERE `clients`.`id` = 3 LIMIT 1[0m
  Rendering clients/edit.html.erb within layouts/application
  [1m[36mFirm Load (1.2ms)[0m  [1m[34mSELECT  `firms`.* FROM `firms` ORDER BY `firms`.`id` ASC LIMIT 1[0m
  [1m[36mFirm Load (0.4ms)[0m  [1m[34mSELECT `firms`.* FROM `firms`[0m
  Rendered clients/_form.html.erb (29.5ms)
  Rendered clients/edit.html.erb within layouts/application (36.1ms)
  Rendered layouts/navigation/_header.html.erb (0.6ms)
  Rendered layouts/navigation/_sidebar.html.erb (1.0ms)
  Rendered layouts/navigation/_layout.erb (12.9ms)
  Rendered layouts/navigation/_footer.html.erb (0.9ms)
Completed 200 OK in 189ms (Views: 177.3ms | ActiveRecord: 2.2ms)


Started GET "/clients/3/edit" for 127.0.0.1 at 2020-12-26 21:18:00 +0100
Processing by ClientsController#edit as HTML
  Parameters: {"id"=>"3"}
  [1m[36mClient Load (0.5ms)[0m  [1m[34mSELECT  `clients`.* FROM `clients` WHERE `clients`.`id` = 3 LIMIT 1[0m
  Rendering clients/edit.html.erb within layouts/application
  [1m[36mFirm Load (0.3ms)[0m  [1m[34mSELECT  `firms`.* FROM `firms` ORDER BY `firms`.`id` ASC LIMIT 1[0m
  [1m[36mFirm Load (0.3ms)[0m  [1m[34mSELECT `firms`.* FROM `firms`[0m
  Rendered clients/_form.html.erb (19.3ms)
  Rendered clients/edit.html.erb within layouts/application (24.3ms)
  Rendered layouts/navigation/_header.html.erb (0.7ms)
  Rendered layouts/navigation/_sidebar.html.erb (0.9ms)
  Rendered layouts/navigation/_layout.erb (11.3ms)
  Rendered layouts/navigation/_footer.html.erb (0.5ms)
Completed 200 OK in 114ms (Views: 105.6ms | ActiveRecord: 1.1ms)


Started GET "/clients" for 127.0.0.1 at 2020-12-26 21:18:05 +0100
Processing by ClientsController#index as HTML
  Rendering clients/index.html.erb within layouts/application
  [1m[36mClient Load (0.4ms)[0m  [1m[34mSELECT `clients`.* FROM `clients`[0m
  [1m[36mFirm Load (0.6ms)[0m  [1m[34mSELECT  `firms`.* FROM `firms` WHERE `firms`.`id` = 1 LIMIT 1[0m
  [1m[36mCACHE Firm Load (0.0ms)[0m  [1m[34mSELECT  `firms`.* FROM `firms` WHERE `firms`.`id` = 1 LIMIT 1[0m  [["id", 1], ["LIMIT", 1]]
  [1m[36mCACHE Firm Load (0.0ms)[0m  [1m[34mSELECT  `firms`.* FROM `firms` WHERE `firms`.`id` = 1 LIMIT 1[0m  [["id", 1], ["LIMIT", 1]]
  Rendered clients/index.html.erb within layouts/application (14.5ms)
  Rendered layouts/navigation/_header.html.erb (0.3ms)
  Rendered layouts/navigation/_sidebar.html.erb (0.4ms)
  Rendered layouts/navigation/_layout.erb (6.4ms)
  Rendered layouts/navigation/_footer.html.erb (0.3ms)
Completed 200 OK in 85ms (Views: 75.9ms | ActiveRecord: 1.0ms)


Started GET "/firms" for 127.0.0.1 at 2020-12-26 21:18:08 +0100
Processing by FirmsController#index as HTML
  Rendering firms/index.html.erb within layouts/application
  [1m[36mFirm Load (0.8ms)[0m  [1m[34mSELECT `firms`.* FROM `firms`[0m
  Rendered firms/index.html.erb within layouts/application (12.7ms)
  Rendered layouts/navigation/_header.html.erb (1.3ms)
  Rendered layouts/navigation/_sidebar.html.erb (0.7ms)
  Rendered layouts/navigation/_layout.erb (13.0ms)
  Rendered layouts/navigation/_footer.html.erb (0.4ms)
Completed 200 OK in 99ms (Views: 91.0ms | ActiveRecord: 0.8ms)


Started GET "/firms/new" for 127.0.0.1 at 2020-12-26 21:18:10 +0100
Processing by FirmsController#new as HTML
  Rendering firms/new.html.erb within layouts/application
  Rendered firms/_form.html.erb (19.3ms)
  Rendered firms/new.html.erb within layouts/application (24.5ms)
  Rendered layouts/navigation/_header.html.erb (2.5ms)
  Rendered layouts/navigation/_sidebar.html.erb (11.1ms)
  Rendered layouts/navigation/_layout.erb (62.4ms)
  Rendered layouts/navigation/_footer.html.erb (0.7ms)
Completed 200 OK in 198ms (Views: 187.3ms | ActiveRecord: 0.0ms)


Started GET "/firms" for 127.0.0.1 at 2020-12-26 21:18:15 +0100
Processing by FirmsController#index as HTML
  Rendering firms/index.html.erb within layouts/application
  [1m[36mFirm Load (8.1ms)[0m  [1m[34mSELECT `firms`.* FROM `firms`[0m
  Rendered firms/index.html.erb within layouts/application (23.1ms)
  Rendered layouts/navigation/_header.html.erb (1.5ms)
  Rendered layouts/navigation/_sidebar.html.erb (2.3ms)
  Rendered layouts/navigation/_layout.erb (17.0ms)
  Rendered layouts/navigation/_footer.html.erb (1.0ms)
Completed 200 OK in 229ms (Views: 214.0ms | ActiveRecord: 8.1ms)


Started GET "/firms/2/edit" for 127.0.0.1 at 2020-12-26 21:18:20 +0100
Processing by FirmsController#edit as HTML
  Parameters: {"id"=>"2"}
  [1m[36mFirm Load (0.5ms)[0m  [1m[34mSELECT  `firms`.* FROM `firms` WHERE `firms`.`id` = 2 LIMIT 1[0m
  Rendering firms/edit.html.erb within layouts/application
  Rendered firms/_form.html.erb (17.5ms)
  Rendered firms/edit.html.erb within layouts/application (24.5ms)
  Rendered layouts/navigation/_header.html.erb (0.4ms)
  Rendered layouts/navigation/_sidebar.html.erb (0.9ms)
  Rendered layouts/navigation/_layout.erb (9.4ms)
  Rendered layouts/navigation/_footer.html.erb (0.6ms)
Completed 200 OK in 189ms (Views: 180.5ms | ActiveRecord: 0.4ms)


Started GET "/firms" for 127.0.0.1 at 2020-12-26 21:18:25 +0100
Processing by FirmsController#index as HTML
  Rendering firms/index.html.erb within layouts/application
  [1m[36mFirm Load (0.6ms)[0m  [1m[34mSELECT `firms`.* FROM `firms`[0m
  Rendered firms/index.html.erb within layouts/application (13.8ms)
  Rendered layouts/navigation/_header.html.erb (2.8ms)
  Rendered layouts/navigation/_sidebar.html.erb (1.5ms)
  Rendered layouts/navigation/_layout.erb (54.7ms)
  Rendered layouts/navigation/_footer.html.erb (0.9ms)
Completed 200 OK in 193ms (Views: 185.8ms | ActiveRecord: 0.6ms)


Started GET "/firms/new" for 127.0.0.1 at 2020-12-26 21:18:31 +0100
Processing by FirmsController#new as HTML
  Rendering firms/new.html.erb within layouts/application
  Rendered firms/_form.html.erb (18.8ms)
  Rendered firms/new.html.erb within layouts/application (26.1ms)
  Rendered layouts/navigation/_header.html.erb (0.6ms)
  Rendered layouts/navigation/_sidebar.html.erb (0.5ms)
  Rendered layouts/navigation/_layout.erb (14.8ms)
  Rendered layouts/navigation/_footer.html.erb (0.4ms)
Completed 200 OK in 227ms (Views: 218.2ms | ActiveRecord: 0.0ms)


Started GET "/firms" for 127.0.0.1 at 2020-12-26 21:18:33 +0100
Processing by FirmsController#index as HTML
  Rendering firms/index.html.erb within layouts/application
  [1m[36mFirm Load (0.3ms)[0m  [1m[34mSELECT `firms`.* FROM `firms`[0m
  Rendered firms/index.html.erb within layouts/application (18.5ms)
  Rendered layouts/navigation/_header.html.erb (0.7ms)
  Rendered layouts/navigation/_sidebar.html.erb (0.8ms)
  Rendered layouts/navigation/_layout.erb (10.6ms)
  Rendered layouts/navigation/_footer.html.erb (0.6ms)
Completed 200 OK in 139ms (Views: 133.2ms | ActiveRecord: 0.3ms)


Started GET "/firms" for 127.0.0.1 at 2020-12-26 21:18:36 +0100
Processing by FirmsController#index as HTML
  Rendering firms/index.html.erb within layouts/application
  [1m[36mFirm Load (1.0ms)[0m  [1m[34mSELECT `firms`.* FROM `firms`[0m
  Rendered firms/index.html.erb within layouts/application (9.4ms)
  Rendered layouts/navigation/_header.html.erb (3.7ms)
  Rendered layouts/navigation/_sidebar.html.erb (1.7ms)
  Rendered layouts/navigation/_layout.erb (31.4ms)
  Rendered layouts/navigation/_footer.html.erb (1.4ms)
Completed 200 OK in 160ms (Views: 151.6ms | ActiveRecord: 1.0ms)


Started GET "/clients" for 127.0.0.1 at 2020-12-26 21:18:37 +0100
Processing by ClientsController#index as HTML
  Rendering clients/index.html.erb within layouts/application
  [1m[36mClient Load (0.7ms)[0m  [1m[34mSELECT `clients`.* FROM `clients`[0m
  [1m[36mFirm Load (0.5ms)[0m  [1m[34mSELECT  `firms`.* FROM `firms` WHERE `firms`.`id` = 1 LIMIT 1[0m
  [1m[36mCACHE Firm Load (0.0ms)[0m  [1m[34mSELECT  `firms`.* FROM `firms` WHERE `firms`.`id` = 1 LIMIT 1[0m  [["id", 1], ["LIMIT", 1]]
  [1m[36mCACHE Firm Load (0.0ms)[0m  [1m[34mSELECT  `firms`.* FROM `firms` WHERE `firms`.`id` = 1 LIMIT 1[0m  [["id", 1], ["LIMIT", 1]]
  Rendered clients/index.html.erb within layouts/application (17.1ms)
  Rendered layouts/navigation/_header.html.erb (0.9ms)
  Rendered layouts/navigation/_sidebar.html.erb (0.6ms)
  Rendered layouts/navigation/_layout.erb (9.2ms)
  Rendered layouts/navigation/_footer.html.erb (0.5ms)
Completed 200 OK in 122ms (Views: 114.3ms | ActiveRecord: 1.3ms)


Started GET "/invoices" for 127.0.0.1 at 2020-12-26 21:18:38 +0100
Processing by InvoicesController#index as HTML
  Rendering invoices/index.html.erb within layouts/application
  [1m[36mInvoice Load (0.7ms)[0m  [1m[34mSELECT `invoices`.* FROM `invoices` ORDER BY number DESC[0m
  [1m[36mClient Load (5.2ms)[0m  [1m[34mSELECT `clients`.* FROM `clients` WHERE `clients`.`id` IN (2, 1)[0m
  [1m[36mInvoiceLine Load (3.2ms)[0m  [1m[34mSELECT `invoice_lines`.* FROM `invoice_lines` WHERE `invoice_lines`.`invoice_id` IN (5, 4, 3, 2, 1)[0m
  [1m[36mFirm Load (0.4ms)[0m  [1m[34mSELECT  `firms`.* FROM `firms` WHERE `firms`.`id` = 1 LIMIT 1[0m
  [1m[36mCACHE Firm Load (0.0ms)[0m  [1m[34mSELECT  `firms`.* FROM `firms` WHERE `firms`.`id` = 1 LIMIT 1[0m  [["id", 1], ["LIMIT", 1]]
  [1m[36mCACHE Firm Load (0.0ms)[0m  [1m[34mSELECT  `firms`.* FROM `firms` WHERE `firms`.`id` = 1 LIMIT 1[0m  [["id", 1], ["LIMIT", 1]]
  [1m[36mFirm Load (0.4ms)[0m  [1m[34mSELECT  `firms`.* FROM `firms` WHERE `firms`.`id` = 2 LIMIT 1[0m
  [1m[36mCACHE Firm Load (0.0ms)[0m  [1m[34mSELECT  `firms`.* FROM `firms` WHERE `firms`.`id` = 1 LIMIT 1[0m  [["id", 1], ["LIMIT", 1]]
  Rendered invoices/_invoices.html.erb (42.6ms)
  Rendered invoices/index.html.erb within layouts/application (54.1ms)
  Rendered layouts/navigation/_header.html.erb (0.5ms)
  Rendered layouts/navigation/_sidebar.html.erb (0.5ms)
  Rendered layouts/navigation/_layout.erb (7.4ms)
  Rendered layouts/navigation/_footer.html.erb (0.3ms)
Completed 200 OK in 156ms (Views: 139.9ms | ActiveRecord: 9.8ms)


Started GET "/" for 127.0.0.1 at 2020-12-26 21:18:39 +0100
Processing by InvoicesController#index as HTML
  Rendering invoices/index.html.erb within layouts/application
  [1m[36mInvoice Load (0.3ms)[0m  [1m[34mSELECT `invoices`.* FROM `invoices` ORDER BY number DESC[0m
  [1m[36mClient Load (0.7ms)[0m  [1m[34mSELECT `clients`.* FROM `clients` WHERE `clients`.`id` IN (2, 1)[0m
  [1m[36mInvoiceLine Load (0.4ms)[0m  [1m[34mSELECT `invoice_lines`.* FROM `invoice_lines` WHERE `invoice_lines`.`invoice_id` IN (5, 4, 3, 2, 1)[0m
  [1m[36mFirm Load (0.4ms)[0m  [1m[34mSELECT  `firms`.* FROM `firms` WHERE `firms`.`id` = 1 LIMIT 1[0m
  [1m[36mCACHE Firm Load (0.0ms)[0m  [1m[34mSELECT  `firms`.* FROM `firms` WHERE `firms`.`id` = 1 LIMIT 1[0m  [["id", 1], ["LIMIT", 1]]
  [1m[36mCACHE Firm Load (0.0ms)[0m  [1m[34mSELECT  `firms`.* FROM `firms` WHERE `firms`.`id` = 1 LIMIT 1[0m  [["id", 1], ["LIMIT", 1]]
  [1m[36mFirm Load (0.5ms)[0m  [1m[34mSELECT  `firms`.* FROM `firms` WHERE `firms`.`id` = 2 LIMIT 1[0m
  [1m[36mCACHE Firm Load (0.0ms)[0m  [1m[34mSELECT  `firms`.* FROM `firms` WHERE `firms`.`id` = 1 LIMIT 1[0m  [["id", 1], ["LIMIT", 1]]
  Rendered invoices/_invoices.html.erb (32.7ms)
  Rendered invoices/index.html.erb within layouts/application (38.0ms)
  Rendered layouts/navigation/_header.html.erb (0.5ms)
  Rendered layouts/navigation/_sidebar.html.erb (0.6ms)
  Rendered layouts/navigation/_layout.erb (8.4ms)
  Rendered layouts/navigation/_footer.html.erb (0.4ms)
Completed 200 OK in 124ms (Views: 115.4ms | ActiveRecord: 2.4ms)


Started GET "/invoices/5" for 127.0.0.1 at 2020-12-26 21:18:42 +0100
Processing by InvoicesController#show as HTML
  Parameters: {"id"=>"5"}
  [1m[36mInvoice Load (0.4ms)[0m  [1m[34mSELECT  `invoices`.* FROM `invoices` WHERE `invoices`.`id` = 5 LIMIT 1[0m
  Rendering invoices/show.html.erb within layouts/application
  [1m[36mFirm Load (0.6ms)[0m  [1m[34mSELECT  `firms`.* FROM `firms` WHERE `firms`.`id` = 1 LIMIT 1[0m
  [1m[36mClient Load (1.5ms)[0m  [1m[34mSELECT  `clients`.* FROM `clients` WHERE `clients`.`id` = 2 LIMIT 1[0m
  [1m[36mInvoiceLine Load (5.0ms)[0m  [1m[34mSELECT `invoice_lines`.* FROM `invoice_lines` WHERE `invoice_lines`.`invoice_id` = 5[0m
  Rendered invoices/show.html.erb within layouts/application (21.3ms)
  Rendered layouts/navigation/_header.html.erb (11.7ms)
  Rendered layouts/navigation/_sidebar.html.erb (10.0ms)
  Rendered layouts/navigation/_layout.erb (67.7ms)
  Rendered layouts/navigation/_footer.html.erb (0.5ms)
Completed 200 OK in 209ms (Views: 192.4ms | ActiveRecord: 7.6ms)


Started GET "/invoices" for 127.0.0.1 at 2020-12-26 21:18:46 +0100
Processing by InvoicesController#index as HTML
  Rendering invoices/index.html.erb within layouts/application
  [1m[36mInvoice Load (1.1ms)[0m  [1m[34mSELECT `invoices`.* FROM `invoices` ORDER BY number DESC[0m
  [1m[36mClient Load (0.6ms)[0m  [1m[34mSELECT `clients`.* FROM `clients` WHERE `clients`.`id` IN (2, 1)[0m
  [1m[36mInvoiceLine Load (1.0ms)[0m  [1m[34mSELECT `invoice_lines`.* FROM `invoice_lines` WHERE `invoice_lines`.`invoice_id` IN (5, 4, 3, 2, 1)[0m
  [1m[36mFirm Load (0.5ms)[0m  [1m[34mSELECT  `firms`.* FROM `firms` WHERE `firms`.`id` = 1 LIMIT 1[0m
  [1m[36mCACHE Firm Load (0.0ms)[0m  [1m[34mSELECT  `firms`.* FROM `firms` WHERE `firms`.`id` = 1 LIMIT 1[0m  [["id", 1], ["LIMIT", 1]]
  [1m[36mCACHE Firm Load (0.0ms)[0m  [1m[34mSELECT  `firms`.* FROM `firms` WHERE `firms`.`id` = 1 LIMIT 1[0m  [["id", 1], ["LIMIT", 1]]
  [1m[36mFirm Load (0.8ms)[0m  [1m[34mSELECT  `firms`.* FROM `firms` WHERE `firms`.`id` = 2 LIMIT 1[0m
  [1m[36mCACHE Firm Load (0.0ms)[0m  [1m[34mSELECT  `firms`.* FROM `firms` WHERE `firms`.`id` = 1 LIMIT 1[0m  [["id", 1], ["LIMIT", 1]]
  Rendered invoices/_invoices.html.erb (69.7ms)
  Rendered invoices/index.html.erb within layouts/application (76.3ms)
  Rendered layouts/navigation/_header.html.erb (2.8ms)
  Rendered layouts/navigation/_sidebar.html.erb (3.5ms)
  Rendered layouts/navigation/_layout.erb (24.5ms)
  Rendered layouts/navigation/_footer.html.erb (0.4ms)
Completed 200 OK in 218ms (Views: 207.9ms | ActiveRecord: 4.1ms)


Started GET "/clients" for 127.0.0.1 at 2020-12-26 21:18:47 +0100
Processing by ClientsController#index as HTML
  Rendering clients/index.html.erb within layouts/application
  [1m[36mClient Load (0.6ms)[0m  [1m[34mSELECT `clients`.* FROM `clients`[0m
  [1m[36mFirm Load (2.2ms)[0m  [1m[34mSELECT  `firms`.* FROM `firms` WHERE `firms`.`id` = 1 LIMIT 1[0m
  [1m[36mCACHE Firm Load (0.0ms)[0m  [1m[34mSELECT  `firms`.* FROM `firms` WHERE `firms`.`id` = 1 LIMIT 1[0m  [["id", 1], ["LIMIT", 1]]
  [1m[36mCACHE Firm Load (0.0ms)[0m  [1m[34mSELECT  `firms`.* FROM `firms` WHERE `firms`.`id` = 1 LIMIT 1[0m  [["id", 1], ["LIMIT", 1]]
  Rendered clients/index.html.erb within layouts/application (22.7ms)
  Rendered layouts/navigation/_header.html.erb (1.9ms)
  Rendered layouts/navigation/_sidebar.html.erb (4.0ms)
  Rendered layouts/navigation/_layout.erb (30.1ms)
  Rendered layouts/navigation/_footer.html.erb (1.6ms)
Completed 200 OK in 148ms (Views: 140.8ms | ActiveRecord: 2.9ms)


Started GET "/clients/1" for 127.0.0.1 at 2020-12-26 21:18:50 +0100
Processing by ClientsController#show as HTML
  Parameters: {"id"=>"1"}
  [1m[36mClient Load (4.7ms)[0m  [1m[34mSELECT  `clients`.* FROM `clients` WHERE `clients`.`id` = 1 LIMIT 1[0m
  Rendering clients/show.html.erb within layouts/application
  [1m[36mFirm Load (0.5ms)[0m  [1m[34mSELECT  `firms`.* FROM `firms` WHERE `firms`.`id` = 1 LIMIT 1[0m
  [1m[36mInvoice Load (1.1ms)[0m  [1m[34mSELECT `invoices`.* FROM `invoices` WHERE `invoices`.`client_id` = 1[0m
  [1m[36mCACHE Firm Load (0.0ms)[0m  [1m[34mSELECT  `firms`.* FROM `firms` WHERE `firms`.`id` = 1 LIMIT 1[0m  [["id", 1], ["LIMIT", 1]]
  [1m[36mInvoiceLine Load (0.5ms)[0m  [1m[34mSELECT `invoice_lines`.* FROM `invoice_lines` WHERE `invoice_lines`.`invoice_id` = 1[0m
  [1m[36mFirm Load (0.5ms)[0m  [1m[34mSELECT  `firms`.* FROM `firms` WHERE `firms`.`id` = 2 LIMIT 1[0m
  [1m[36mInvoiceLine Load (0.4ms)[0m  [1m[34mSELECT `invoice_lines`.* FROM `invoice_lines` WHERE `invoice_lines`.`invoice_id` = 2[0m
  Rendered invoices/_invoices.html.erb (35.3ms)
  Rendered clients/show.html.erb within layouts/application (49.0ms)
  Rendered layouts/navigation/_header.html.erb (1.3ms)
  Rendered layouts/navigation/_sidebar.html.erb (0.5ms)
  Rendered layouts/navigation/_layout.erb (10.6ms)
  Rendered layouts/navigation/_footer.html.erb (0.3ms)
Completed 200 OK in 213ms (Views: 193.9ms | ActiveRecord: 7.7ms)


Started GET "/clients" for 127.0.0.1 at 2020-12-26 21:18:53 +0100
Processing by ClientsController#index as HTML
  Rendering clients/index.html.erb within layouts/application
  [1m[36mClient Load (1.1ms)[0m  [1m[34mSELECT `clients`.* FROM `clients`[0m
  [1m[36mFirm Load (0.9ms)[0m  [1m[34mSELECT  `firms`.* FROM `firms` WHERE `firms`.`id` = 1 LIMIT 1[0m
  [1m[36mCACHE Firm Load (0.0ms)[0m  [1m[34mSELECT  `firms`.* FROM `firms` WHERE `firms`.`id` = 1 LIMIT 1[0m  [["id", 1], ["LIMIT", 1]]
  [1m[36mCACHE Firm Load (0.1ms)[0m  [1m[34mSELECT  `firms`.* FROM `firms` WHERE `firms`.`id` = 1 LIMIT 1[0m  [["id", 1], ["LIMIT", 1]]
  Rendered clients/index.html.erb within layouts/application (28.8ms)
  Rendered layouts/navigation/_header.html.erb (0.8ms)
  Rendered layouts/navigation/_sidebar.html.erb (1.0ms)
  Rendered layouts/navigation/_layout.erb (17.1ms)
  Rendered layouts/navigation/_footer.html.erb (0.7ms)
Completed 200 OK in 210ms (Views: 200.9ms | ActiveRecord: 2.0ms)


Started GET "/firms" for 127.0.0.1 at 2020-12-26 21:18:54 +0100
Processing by FirmsController#index as HTML
  Rendering firms/index.html.erb within layouts/application
  [1m[36mFirm Load (0.6ms)[0m  [1m[34mSELECT `firms`.* FROM `firms`[0m
  Rendered firms/index.html.erb within layouts/application (8.3ms)
  Rendered layouts/navigation/_header.html.erb (0.3ms)
  Rendered layouts/navigation/_sidebar.html.erb (0.4ms)
  Rendered layouts/navigation/_layout.erb (6.2ms)
  Rendered layouts/navigation/_footer.html.erb (0.3ms)
Completed 200 OK in 91ms (Views: 83.7ms | ActiveRecord: 0.6ms)


